{"name": "test_select_product", "status": "broken", "statusDetails": {"message": "selenium.common.exceptions.TimeoutException: Message: \nStacktrace:\nBacktrace:\n\t(No symbol) [0x005FF243]\n\t(No symbol) [0x00587FD1]\n\t(No symbol) [0x0047D04D]\n\t(No symbol) [0x004AC0B0]\n\t(No symbol) [0x004AC22B]\n\t(No symbol) [0x004DE612]\n\t(No symbol) [0x004C85D4]\n\t(No symbol) [0x004DC9EB]\n\t(No symbol) [0x004C8386]\n\t(No symbol) [0x004A163C]\n\t(No symbol) [0x004A269D]\n\tGetHandleVerifier [0x00899A22+2655074]\n\tGetHandleVerifier [0x0088CA24+2601828]\n\tGetHandleVerifier [0x006A8C0A+619850]\n\tGetHandleVerifier [0x006A7830+614768]\n\t(No symbol) [0x005905FC]\n\t(No symbol) [0x00595968]\n\t(No symbol) [0x00595A55]\n\t(No symbol) [0x005A051B]\n\tBaseThreadInitThunk [0x76AAFA29+25]\n\tRtlGetAppContainerNamedObjectPath [0x77287A7E+286]\n\tRtlGetAppContainerNamedObjectPath [0x77287A4E+238]", "trace": "set_up = None, set_group = None\n\n    @allure.description(\"Test Select Product\")\n    def test_select_product(set_up, set_group):\n        options = Options()\n        options.add_experimental_option('excludeSwitches', ['enable-logging'])\n    \n        driver = webdriver.Chrome(executable_path='C:\\\\Users\\\\Рушан\\\\PycharmProjects\\\\resource\\\\chromedriver.exe',\n                                  chrome_options=options)\n    \n        print(\"Start Test\")\n    \n        mp = Main_page(driver)\n        mp.opening_homepage()\n        sp = Select_product_page(driver)\n        sp.select_products()\n        bp = Buy_product_page(driver)\n>       bp.buy_product()\n\ntests\\test_buy_product.py:28: \n_ _ _ _ _ _ _ _ _ _ _ _ _ _ _ _ _ _ _ _ _ _ _ _ _ _ _ _ _ _ _ _ _ _ _ _ _ _ _ _ _ _ _ _ _ _ _ _ _ _ _ _ _ _ _ _ _ _ _ _ _ _ _ _ _ _ _ _ _ _ _ _ _ _ _ _ _ _ _ _ _ _ _ _ _ _ _ _ _ _ _ _ _ _ _ _ _ _ _ _ _ _ _ _ _ _ _ _ _ _ _ _ _ _\npages\\buy_product_page.py:88: in buy_product\n    self.click_button_checkout()\npages\\buy_product_page.py:73: in click_button_checkout\n    self.get_button_checkout().click()\npages\\buy_product_page.py:44: in get_button_checkout\n    return WebDriverWait(self.driver, 30).until(EC.element_to_be_clickable(\n_ _ _ _ _ _ _ _ _ _ _ _ _ _ _ _ _ _ _ _ _ _ _ _ _ _ _ _ _ _ _ _ _ _ _ _ _ _ _ _ _ _ _ _ _ _ _ _ _ _ _ _ _ _ _ _ _ _ _ _ _ _ _ _ _ _ _ _ _ _ _ _ _ _ _ _ _ _ _ _ _ _ _ _ _ _ _ _ _ _ _ _ _ _ _ _ _ _ _ _ _ _ _ _ _ _ _ _ _ _ _ _ _ _\n\nself = <selenium.webdriver.support.wait.WebDriverWait (session=\"dc4193c83e2eaad7cfd79ca66bc2a411\")>, method = <function element_to_be_clickable.<locals>._predicate at 0x0000024A983E4D30>, message = ''\n\n    def until(self, method, message: str = \"\"):\n        \"\"\"Calls the method provided with the driver as an argument until the \\\n        return value does not evaluate to ``False``.\n    \n        :param method: callable(WebDriver)\n        :param message: optional message for :exc:`TimeoutException`\n        :returns: the result of the last call to `method`\n        :raises: :exc:`selenium.common.exceptions.TimeoutException` if timeout occurs\n        \"\"\"\n        screen = None\n        stacktrace = None\n    \n        end_time = time.monotonic() + self._timeout\n        while True:\n            try:\n                value = method(self._driver)\n                if value:\n                    return value\n            except self._ignored_exceptions as exc:\n                screen = getattr(exc, \"screen\", None)\n                stacktrace = getattr(exc, \"stacktrace\", None)\n            time.sleep(self._poll)\n            if time.monotonic() > end_time:\n                break\n>       raise TimeoutException(message, screen, stacktrace)\nE       selenium.common.exceptions.TimeoutException: Message: \nE       Stacktrace:\nE       Backtrace:\nE       \t(No symbol) [0x005FF243]\nE       \t(No symbol) [0x00587FD1]\nE       \t(No symbol) [0x0047D04D]\nE       \t(No symbol) [0x004AC0B0]\nE       \t(No symbol) [0x004AC22B]\nE       \t(No symbol) [0x004DE612]\nE       \t(No symbol) [0x004C85D4]\nE       \t(No symbol) [0x004DC9EB]\nE       \t(No symbol) [0x004C8386]\nE       \t(No symbol) [0x004A163C]\nE       \t(No symbol) [0x004A269D]\nE       \tGetHandleVerifier [0x00899A22+2655074]\nE       \tGetHandleVerifier [0x0088CA24+2601828]\nE       \tGetHandleVerifier [0x006A8C0A+619850]\nE       \tGetHandleVerifier [0x006A7830+614768]\nE       \t(No symbol) [0x005905FC]\nE       \t(No symbol) [0x00595968]\nE       \t(No symbol) [0x00595A55]\nE       \t(No symbol) [0x005A051B]\nE       \tBaseThreadInitThunk [0x76AAFA29+25]\nE       \tRtlGetAppContainerNamedObjectPath [0x77287A7E+286]\nE       \tRtlGetAppContainerNamedObjectPath [0x77287A4E+238]\n\nvenv\\lib\\site-packages\\selenium\\webdriver\\support\\wait.py:95: TimeoutException"}, "description": "Test Select Product", "steps": [{"name": "Opening Homepage", "status": "passed", "start": 1670768151995, "stop": 1670768156811}, {"name": "Select Products", "status": "passed", "start": 1670768156811, "stop": 1670768158765}, {"name": "Buy Product", "status": "broken", "statusDetails": {"message": "selenium.common.exceptions.TimeoutException: Message: \nStacktrace:\nBacktrace:\n\t(No symbol) [0x005FF243]\n\t(No symbol) [0x00587FD1]\n\t(No symbol) [0x0047D04D]\n\t(No symbol) [0x004AC0B0]\n\t(No symbol) [0x004AC22B]\n\t(No symbol) [0x004DE612]\n\t(No symbol) [0x004C85D4]\n\t(No symbol) [0x004DC9EB]\n\t(No symbol) [0x004C8386]\n\t(No symbol) [0x004A163C]\n\t(No symbol) [0x004A269D]\n\tGetHandleVerifier [0x00899A22+2655074]\n\tGetHandleVerifier [0x0088CA24+2601828]\n\tGetHandleVerifier [0x006A8C0A+619850]\n\tGetHandleVerifier [0x006A7830+614768]\n\t(No symbol) [0x005905FC]\n\t(No symbol) [0x00595968]\n\t(No symbol) [0x00595A55]\n\t(No symbol) [0x005A051B]\n\tBaseThreadInitThunk [0x76AAFA29+25]\n\tRtlGetAppContainerNamedObjectPath [0x77287A7E+286]\n\tRtlGetAppContainerNamedObjectPath [0x77287A4E+238]\n\n", "trace": "  File \"C:\\Users\\Рушан\\Desktop\\main_project1\\pages\\buy_product_page.py\", line 88, in buy_product\n    self.click_button_checkout()\n  File \"C:\\Users\\Рушан\\Desktop\\main_project1\\pages\\buy_product_page.py\", line 73, in click_button_checkout\n    self.get_button_checkout().click()\n  File \"C:\\Users\\Рушан\\Desktop\\main_project1\\pages\\buy_product_page.py\", line 44, in get_button_checkout\n    return WebDriverWait(self.driver, 30).until(EC.element_to_be_clickable(\n  File \"C:\\Users\\Рушан\\Desktop\\main_project1\\venv\\lib\\site-packages\\selenium\\webdriver\\support\\wait.py\", line 95, in until\n    raise TimeoutException(message, screen, stacktrace)\n"}, "start": 1670768158765, "stop": 1670768193289}], "attachments": [{"name": "stdout", "source": "c010c26b-2d40-41be-a9ef-f977cb13eb03-attachment.txt", "type": "text/plain"}], "start": 1670768151002, "stop": 1670768193291, "uuid": "8d72d27d-a5d6-40c6-b080-a90eb8497d50", "historyId": "bc776094f6146701a7a7c9117ec8d37e", "testCaseId": "2e6181f8d331563f5b6826cded2268fe", "fullName": "tests.test_buy_product#test_select_product", "labels": [{"name": "parentSuite", "value": "tests"}, {"name": "suite", "value": "test_buy_product"}, {"name": "host", "value": "DESKTOP-23MDD3S"}, {"name": "thread", "value": "1192-MainThread"}, {"name": "framework", "value": "pytest"}, {"name": "language", "value": "cpython3"}, {"name": "package", "value": "tests.test_buy_product"}]}